{
  "stats": {
    "suites": 1,
    "tests": 1,
    "passes": 1,
    "pending": 0,
    "failures": 0,
    "start": "2026-01-29T18:41:30.517Z",
    "end": "2026-01-29T18:41:43.676Z",
    "duration": 13159,
    "testsRegistered": 1,
    "passPercent": 100,
    "pendingPercent": 0,
    "other": 0,
    "hasOther": false,
    "skipped": 0,
    "hasSkipped": false
  },
  "results": [
    {
      "uuid": "82faf57a-6209-49ec-808b-2caf9c0b04e3",
      "title": "",
      "fullFile": "tests\\e2e\\place_order.cy.js",
      "file": "tests\\e2e\\place_order.cy.js",
      "beforeHooks": [],
      "afterHooks": [],
      "tests": [],
      "suites": [
        {
          "uuid": "2ddd94be-0222-4f0b-a4e7-ed648cf9c54a",
          "title": "Place Order",
          "fullFile": "",
          "file": "",
          "beforeHooks": [],
          "afterHooks": [],
          "tests": [
            {
              "title": "Complete end to end purchase flow",
              "fullTitle": "Place Order Complete end to end purchase flow",
              "timedOut": null,
              "duration": 12972,
              "state": "passed",
              "speed": "slow",
              "pass": true,
              "fail": false,
              "pending": false,
              "context": null,
              "code": "home.launchUrl();\nhome.openCategory('phone');\nproduct.openProductByName(_testData.default.productSample);\nproduct.addToCartAndAssert();\nproduct.goToCart();\norder.open();\norder.fillAndPurchase(_testData.default.checkout);",
              "err": {},
              "uuid": "13a75e1d-bb66-4ac1-8450-46aad8d904e8",
              "parentUUID": "2ddd94be-0222-4f0b-a4e7-ed648cf9c54a",
              "isHook": false,
              "skipped": false
            }
          ],
          "suites": [],
          "passes": [
            "13a75e1d-bb66-4ac1-8450-46aad8d904e8"
          ],
          "failures": [],
          "pending": [],
          "skipped": [],
          "duration": 12972,
          "root": false,
          "rootEmpty": false,
          "_timeout": 2000
        }
      ],
      "passes": [],
      "failures": [],
      "pending": [],
      "skipped": [],
      "duration": 0,
      "root": true,
      "rootEmpty": true,
      "_timeout": 2000
    }
  ],
  "meta": {
    "mocha": {
      "version": "7.0.1"
    },
    "mochawesome": {
      "options": {
        "quiet": true,
        "reportFilename": "mochawesome",
        "saveHtml": false,
        "saveJson": true,
        "consoleReporter": "spec",
        "useInlineDiffs": false,
        "code": true
      },
      "version": "7.1.4"
    },
    "marge": {
      "options": {
        "reportDir": "tests/reports/.jsons",
        "overwrite": false,
        "html": false,
        "json": true,
        "quiet": true
      },
      "version": "6.3.0"
    }
  }
}