{
  "stats": {
    "suites": 1,
    "tests": 1,
    "passes": 1,
    "pending": 0,
    "failures": 0,
    "start": "2026-01-29T18:41:03.202Z",
    "end": "2026-01-29T18:41:13.867Z",
    "duration": 10665,
    "testsRegistered": 1,
    "passPercent": 100,
    "pendingPercent": 0,
    "other": 0,
    "hasOther": false,
    "skipped": 0,
    "hasSkipped": false
  },
  "results": [
    {
      "uuid": "9ed03339-fbbd-4edb-9e8e-2de80c441eed",
      "title": "",
      "fullFile": "tests\\e2e\\cart.cy.js",
      "file": "tests\\e2e\\cart.cy.js",
      "beforeHooks": [],
      "afterHooks": [],
      "tests": [],
      "suites": [
        {
          "uuid": "be1f4ec9-1cad-43a6-bca6-4e1d5ebd2e2b",
          "title": "Cart",
          "fullFile": "",
          "file": "",
          "beforeHooks": [],
          "afterHooks": [],
          "tests": [
            {
              "title": "Add products to cart",
              "fullTitle": "Cart Add products to cart",
              "timedOut": null,
              "duration": 10504,
              "state": "passed",
              "speed": "slow",
              "pass": true,
              "fail": false,
              "pending": false,
              "context": null,
              "code": "home.launchUrl();\nhome.openCategory('phone');\nproduct.openProductByName(_testData.default.productSample);\nproduct.addToCartAndAssert();\nproduct.goToCart();\ncart.assertProductPresent(_testData.default.productSample);",
              "err": {},
              "uuid": "67fbc3a7-bfe6-4bcc-ae08-678acf4bb238",
              "parentUUID": "be1f4ec9-1cad-43a6-bca6-4e1d5ebd2e2b",
              "isHook": false,
              "skipped": false
            }
          ],
          "suites": [],
          "passes": [
            "67fbc3a7-bfe6-4bcc-ae08-678acf4bb238"
          ],
          "failures": [],
          "pending": [],
          "skipped": [],
          "duration": 10504,
          "root": false,
          "rootEmpty": false,
          "_timeout": 2000
        }
      ],
      "passes": [],
      "failures": [],
      "pending": [],
      "skipped": [],
      "duration": 0,
      "root": true,
      "rootEmpty": true,
      "_timeout": 2000
    }
  ],
  "meta": {
    "mocha": {
      "version": "7.0.1"
    },
    "mochawesome": {
      "options": {
        "quiet": true,
        "reportFilename": "mochawesome",
        "saveHtml": false,
        "saveJson": true,
        "consoleReporter": "spec",
        "useInlineDiffs": false,
        "code": true
      },
      "version": "7.1.4"
    },
    "marge": {
      "options": {
        "reportDir": "tests/reports/.jsons",
        "overwrite": false,
        "html": false,
        "json": true,
        "quiet": true
      },
      "version": "6.3.0"
    }
  }
}