{
  "stats": {
    "suites": 1,
    "tests": 1,
    "passes": 1,
    "pending": 0,
    "failures": 0,
    "start": "2026-01-29T18:41:19.701Z",
    "end": "2026-01-29T18:41:23.860Z",
    "duration": 4159,
    "testsRegistered": 1,
    "passPercent": 100,
    "pendingPercent": 0,
    "other": 0,
    "hasOther": false,
    "skipped": 0,
    "hasSkipped": false
  },
  "results": [
    {
      "uuid": "00e00b1b-fa78-48bd-acda-514a656c6ff7",
      "title": "",
      "fullFile": "tests\\e2e\\categories.cy.js",
      "file": "tests\\e2e\\categories.cy.js",
      "beforeHooks": [],
      "afterHooks": [],
      "tests": [],
      "suites": [
        {
          "uuid": "4778b2e8-2395-417f-aa1e-684ab9200440",
          "title": "Categories",
          "fullFile": "",
          "file": "",
          "beforeHooks": [],
          "afterHooks": [],
          "tests": [
            {
              "title": "Navigate through categories section",
              "fullTitle": "Categories Navigate through categories section",
              "timedOut": null,
              "duration": 3969,
              "state": "passed",
              "speed": "fast",
              "pass": true,
              "fail": false,
              "pending": false,
              "context": null,
              "code": "home.launchUrl();\n_testData.default.categories.forEach(cat => {\n  home.openCategory(cat);\n  cy.get(home.cards).should('have.length.greaterThan', 0);\n});",
              "err": {},
              "uuid": "5a63f6d2-01cd-4711-b9d6-4528e072a916",
              "parentUUID": "4778b2e8-2395-417f-aa1e-684ab9200440",
              "isHook": false,
              "skipped": false
            }
          ],
          "suites": [],
          "passes": [
            "5a63f6d2-01cd-4711-b9d6-4528e072a916"
          ],
          "failures": [],
          "pending": [],
          "skipped": [],
          "duration": 3969,
          "root": false,
          "rootEmpty": false,
          "_timeout": 2000
        }
      ],
      "passes": [],
      "failures": [],
      "pending": [],
      "skipped": [],
      "duration": 0,
      "root": true,
      "rootEmpty": true,
      "_timeout": 2000
    }
  ],
  "meta": {
    "mocha": {
      "version": "7.0.1"
    },
    "mochawesome": {
      "options": {
        "quiet": true,
        "reportFilename": "mochawesome",
        "saveHtml": false,
        "saveJson": true,
        "consoleReporter": "spec",
        "useInlineDiffs": false,
        "code": true
      },
      "version": "7.1.4"
    },
    "marge": {
      "options": {
        "reportDir": "tests/reports/.jsons",
        "overwrite": false,
        "html": false,
        "json": true,
        "quiet": true
      },
      "version": "6.3.0"
    }
  }
}